<?xml version="1.0" encoding="UTF-8"?>
<testng-results skipped="0" failed="0" ignored="0" total="1" passed="1">
  <reporter-output>
  </reporter-output>
  <suite name="Default suite" duration-ms="82258" started-at="2020-02-29T15:34:31Z" finished-at="2020-02-29T15:35:53Z">
    <groups>
    </groups>
    <test name="Default test" duration-ms="82258" started-at="2020-02-29T15:34:31Z" finished-at="2020-02-29T15:35:53Z">
      <class name="tests.NewAccountTest">
        <test-method status="PASS" signature="NewAccount()[pri:0, instance:tests.NewAccountTest@175b9425]" name="NewAccount" duration-ms="82192" started-at="2020-02-29T10:34:31Z" finished-at="2020-02-29T10:35:53Z">
          <reporter-output>
          </reporter-output>
        </test-method> <!-- NewAccount -->
      </class> <!-- tests.NewAccountTest -->
    </test> <!-- Default test -->
  </suite> <!-- Default suite -->
</testng-results>
